<?xml version="1.0" encoding="UTF-8"?>
<!-- Generated by org.testng.reporters.JUnitReportReporter -->
<testsuite skipped="0" hostname="DESKTOP-5674CP9" name="EicherMobileAutomation.EicherMobileAppAutomation.OurProducts" tests="6" failures="0" timestamp="2020-12-23T21:16:59 IST" time="43.788" errors="0">
  <testcase name="OurProductsOptionIsPresentInHamburger" time="5.490" classname="EicherMobileAutomation.EicherMobileAppAutomation.OurProducts"/>
  <system-out/>
  <testcase name="ProductCatalogueScreenAppears" time="2.397" classname="EicherMobileAutomation.EicherMobileAppAutomation.OurProducts"/>
  <system-out/>
  <testcase name="FilterSpecificTypesOfProductsByClickingOnPredefinedSection" time="0.120" classname="EicherMobileAutomation.EicherMobileAppAutomation.OurProducts"/>
  <system-out/>
  <testcase name="HeavyDutyTrucks_Tripper" time="13.487" classname="EicherMobileAutomation.EicherMobileAppAutomation.OurProducts"/>
  <system-out/>
  <testcase name="HeavyDutyTrucks_Haulage" time="11.238" classname="EicherMobileAutomation.EicherMobileAppAutomation.OurProducts"/>
  <system-out/>
  <testcase name="HeavyDutyTrucks_TractorTrailer" time="11.056" classname="EicherMobileAutomation.EicherMobileAppAutomation.OurProducts"/>
  <system-out/>
</testsuite> <!-- EicherMobileAutomation.EicherMobileAppAutomation.OurProducts -->
