<?xml version="1.0" encoding="UTF-8"?>
<!-- Generated by org.testng.reporters.JUnitReportReporter -->
<testsuite skipped="0" hostname="DESKTOP-5674CP9" name="EicherMobileAutomation.EicherMobileAppAutomation.AssignNew" tests="1" failures="0" timestamp="2021-03-14T15:30:05 IST" time="1448.182" errors="0">
  <testcase name="OwnerloginToApp" time="1448.182" classname="EicherMobileAutomation.EicherMobileAppAutomation.AssignNew"/>
  <system-out/>
</testsuite> <!-- EicherMobileAutomation.EicherMobileAppAutomation.AssignNew -->
