<?xml version="1.0" encoding="UTF-8"?>
<!-- Generated by org.testng.reporters.JUnitReportReporter -->
<testsuite skipped="0" hostname="DESKTOP-5674CP9" name="EicherMobileAutomation.EicherMobileAppAutomation.KnowledgeCentre" tests="6" failures="0" timestamp="2020-12-23T21:16:59 IST" time="7.375" errors="0">
  <testcase name="KnowledgeCentreOptionIsPresentInHamburger" time="3.314" classname="EicherMobileAutomation.EicherMobileAppAutomation.KnowledgeCentre"/>
  <system-out/>
  <testcase name="Vehicle_Option_Is_Present_In_Knowledge_Centre_In_Hamburger" time="0.594" classname="EicherMobileAutomation.EicherMobileAppAutomation.KnowledgeCentre"/>
  <system-out/>
  <testcase name="Verify_that_User_Is_On_Vehicle_Screen" time="0.876" classname="EicherMobileAutomation.EicherMobileAppAutomation.KnowledgeCentre"/>
  <system-out/>
  <testcase name="Dashboard_in_Vehicle_Screen_In_Knowledge_Centre" time="0.642" classname="EicherMobileAutomation.EicherMobileAppAutomation.KnowledgeCentre"/>
  <system-out/>
  <testcase name="EATS_in_Vehicle_Screen_In_Knowledge_Centre" time="0.263" classname="EicherMobileAutomation.EicherMobileAppAutomation.KnowledgeCentre"/>
  <system-out/>
  <testcase name="Transmission_in_Vehicle_Screen_In_Knowledge_Centre" time="1.686" classname="EicherMobileAutomation.EicherMobileAppAutomation.KnowledgeCentre"/>
  <system-out/>
</testsuite> <!-- EicherMobileAutomation.EicherMobileAppAutomation.KnowledgeCentre -->
