<?xml version="1.0" encoding="UTF-8"?>
<!-- Generated by org.testng.reporters.JUnitReportReporter -->
<testsuite skipped="2" hostname="DESKTOP-5674CP9" name="EicherMobileAutomation.EicherMobileAppAutomation.LocateADealer" tests="6" failures="0" timestamp="2020-12-23T21:16:59 IST" time="10.520" errors="0">
  <testcase name="DealerLocatorOptionIsPresentInHamburger" time="2.079" classname="EicherMobileAutomation.EicherMobileAppAutomation.LocateADealer"/>
  <system-out/>
  <testcase name="DealerLocatorScreenAppears" time="5.241" classname="EicherMobileAutomation.EicherMobileAppAutomation.LocateADealer"/>
  <system-out/>
  <testcase name="StandardMapViewAppears" time="0.481" classname="EicherMobileAutomation.EicherMobileAppAutomation.LocateADealer"/>
  <system-out/>
  <testcase name="evaluatingTouchPointsforRoute" time="2.719" classname="EicherMobileAutomation.EicherMobileAppAutomation.LocateADealer"/>
  <system-out/>
  <testcase name="evaluatingTouchPointsforParticularRoute" classname="EicherMobileAutomation.EicherMobileAppAutomation.LocateADealer">
    <skipped/>
  </testcase> <!-- evaluatingTouchPointsforParticularRoute -->
  <system-out/>
  <testcase name="SearchForLocationBasisStateCity" classname="EicherMobileAutomation.EicherMobileAppAutomation.LocateADealer">
    <skipped/>
  </testcase> <!-- SearchForLocationBasisStateCity -->
  <system-out/>
</testsuite> <!-- EicherMobileAutomation.EicherMobileAppAutomation.LocateADealer -->
