<?xml version="1.0" encoding="UTF-8"?>
<!-- Generated by org.testng.reporters.JUnitReportReporter -->
<testsuite skipped="0" hostname="DESKTOP-5674CP9" name="EicherMobileAutomation.EicherMobileAppAutomation.ManageTeam_Owner" tests="1" failures="0" timestamp="2021-01-11T19:23:33 IST" time="0.008" errors="0">
  <testcase name="hello" time="0.008" classname="EicherMobileAutomation.EicherMobileAppAutomation.ManageTeam_Owner"/>
  <system-out/>
</testsuite> <!-- EicherMobileAutomation.EicherMobileAppAutomation.ManageTeam_Owner -->
