<?xml version="1.0" encoding="UTF-8"?>
<!-- Generated by org.testng.reporters.JUnitReportReporter -->
<testsuite skipped="0" hostname="DESKTOP-KJQ204F" name="EicherMobileAutomation.EicherMobileAppAutomation.DriverLogin" tests="1" failures="0" timestamp="2020-10-24T02:37:08 IST" time="32.694" errors="0">
  <testcase name="DriverloginToApp" time="32.694" classname="EicherMobileAutomation.EicherMobileAppAutomation.DriverLogin"/>
  <system-out/>
</testsuite> <!-- EicherMobileAutomation.EicherMobileAppAutomation.DriverLogin -->
