<?xml version="1.0" encoding="UTF-8"?>
<!-- Generated by org.testng.reporters.JUnitReportReporter -->
<testsuite skipped="0" hostname="DESKTOP-KJQ204F" name="EicherMobileAutomation.EicherMobileAppAutomation.Help_Support" tests="1" failures="0" timestamp="2020-11-24T22:55:20 IST" time="6.468" errors="0">
  <testcase name="HelpSupportIsPresentInHamburger" time="6.468" classname="EicherMobileAutomation.EicherMobileAppAutomation.Help_Support"/>
  <system-out/>
</testsuite> <!-- EicherMobileAutomation.EicherMobileAppAutomation.Help_Support -->
