<?xml version="1.0" encoding="UTF-8"?>
<!-- Generated by org.testng.reporters.JUnitReportReporter -->
<testsuite skipped="14" hostname="DESKTOP-KJQ204F" name="EicherMobileAutomation.EicherMobileAppAutomation.Own" tests="21" failures="0" timestamp="2020-10-27T19:42:36 IST" time="53.971" errors="0">
  <testcase name="QuickActionableCards" time="14.191" classname="EicherMobileAutomation.EicherMobileAppAutomation.Own"/>
  <system-out/>
  <testcase name="Selecting_A_Role_And_assigning_a_contact_person_from_hamburger" time="13.099" classname="EicherMobileAutomation.EicherMobileAppAutomation.Own"/>
  <system-out/>
  <testcase name="Resending_An_Invite" time="3.922" classname="EicherMobileAutomation.EicherMobileAppAutomation.Own"/>
  <system-out/>
  <testcase name="Assign_Fleet_To_The_Designated_Users_Manager" time="5.111" classname="EicherMobileAutomation.EicherMobileAppAutomation.Own"/>
  <system-out/>
  <testcase name="Unassign_Fleet_from_designated_users" time="6.379" classname="EicherMobileAutomation.EicherMobileAppAutomation.Own"/>
  <system-out/>
  <testcase name="Unassign_Fleet_To_The_Designated_Users_Manager" time="5.792" classname="EicherMobileAutomation.EicherMobileAppAutomation.Own"/>
  <system-out/>
  <testcase name="Assign_Fleet_To_The_Designated_Users" time="5.477" classname="EicherMobileAutomation.EicherMobileAppAutomation.Own"/>
  <system-out/>
  <testcase name="MyFleetsTrackInMap" classname="EicherMobileAutomation.EicherMobileAppAutomation.Own">
    <skipped/>
  </testcase> <!-- MyFleetsTrackInMap -->
  <system-out/>
  <testcase name="DeleteApp" classname="EicherMobileAutomation.EicherMobileAppAutomation.Own">
    <skipped/>
  </testcase> <!-- DeleteApp -->
  <system-out/>
  <testcase name="HamburgerOperationExcellence" classname="EicherMobileAutomation.EicherMobileAppAutomation.Own">
    <skipped/>
  </testcase> <!-- HamburgerOperationExcellence -->
  <system-out/>
  <testcase name="HamburgerProductCatalogue" classname="EicherMobileAutomation.EicherMobileAppAutomation.Own">
    <skipped/>
  </testcase> <!-- HamburgerProductCatalogue -->
  <system-out/>
  <testcase name="Verify" classname="EicherMobileAutomation.EicherMobileAppAutomation.Own">
    <skipped/>
  </testcase> <!-- Verify -->
  <system-out/>
  <testcase name="DashBoardView" classname="EicherMobileAutomation.EicherMobileAppAutomation.Own">
    <skipped/>
  </testcase> <!-- DashBoardView -->
  <system-out/>
  <testcase name="MyFleets" classname="EicherMobileAutomation.EicherMobileAppAutomation.Own">
    <skipped/>
  </testcase> <!-- MyFleets -->
  <system-out/>
  <testcase name="HamburgerInviteUsers" classname="EicherMobileAutomation.EicherMobileAppAutomation.Own">
    <skipped/>
  </testcase> <!-- HamburgerInviteUsers -->
  <system-out/>
  <testcase name="HamburgerLogout" classname="EicherMobileAutomation.EicherMobileAppAutomation.Own">
    <skipped/>
  </testcase> <!-- HamburgerLogout -->
  <system-out/>
  <testcase name="QuickActionableCardsBlankData" classname="EicherMobileAutomation.EicherMobileAppAutomation.Own">
    <skipped/>
  </testcase> <!-- QuickActionableCardsBlankData -->
  <system-out/>
  <testcase name="HamburgerDealerLocator" classname="EicherMobileAutomation.EicherMobileAppAutomation.Own">
    <skipped/>
  </testcase> <!-- HamburgerDealerLocator -->
  <system-out/>
  <testcase name="Breakdowbottombar" classname="EicherMobileAutomation.EicherMobileAppAutomation.Own">
    <skipped/>
  </testcase> <!-- Breakdowbottombar -->
  <system-out/>
  <testcase name="HamburgerManageVehicle" classname="EicherMobileAutomation.EicherMobileAppAutomation.Own">
    <skipped/>
  </testcase> <!-- HamburgerManageVehicle -->
  <system-out/>
  <testcase name="FleetperformancebottomBar" classname="EicherMobileAutomation.EicherMobileAppAutomation.Own">
    <skipped/>
  </testcase> <!-- FleetperformancebottomBar -->
  <system-out/>
</testsuite> <!-- EicherMobileAutomation.EicherMobileAppAutomation.Own -->
